<?xml version="1.0" encoding="UTF-8"?>
<coverage generated="1744068306476" clover="3.2.0">
  <project timestamp="1744068306476" name="All files">
    <metrics statements="42" coveredstatements="39" conditionals="0" coveredconditionals="0" methods="18" coveredmethods="15" elements="60" coveredelements="54" complexity="0" loc="42" ncloc="42" packages="1" files="3" classes="3"/>
    <file name="AnimeController.ts" path="C:\Users\bajwa\OneDrive\Desktop\Back End\Milestone1\src\api\v1\controllers\AnimeController.ts">
      <metrics statements="12" coveredstatements="12" conditionals="0" coveredconditionals="0" methods="5" coveredmethods="4"/>
      <line num="5" count="1" type="stmt"/>
      <line num="6" count="1" type="stmt"/>
      <line num="8" count="1" type="stmt"/>
      <line num="9" count="1" type="stmt"/>
      <line num="12" count="1" type="stmt"/>
      <line num="13" count="1" type="stmt"/>
      <line num="16" count="1" type="stmt"/>
      <line num="18" count="1" type="stmt"/>
      <line num="22" count="1" type="stmt"/>
      <line num="23" count="1" type="stmt"/>
      <line num="24" count="1" type="stmt"/>
      <line num="25" count="1" type="stmt"/>
    </file>
    <file name="ReviewsController.ts" path="C:\Users\bajwa\OneDrive\Desktop\Back End\Milestone1\src\api\v1\controllers\ReviewsController.ts">
      <metrics statements="14" coveredstatements="13" conditionals="0" coveredconditionals="0" methods="8" coveredmethods="7"/>
      <line num="5" count="1" type="stmt"/>
      <line num="6" count="1" type="stmt"/>
      <line num="8" count="1" type="stmt"/>
      <line num="9" count="1" type="stmt"/>
      <line num="12" count="1" type="stmt"/>
      <line num="14" count="1" type="stmt"/>
      <line num="18" count="1" type="stmt"/>
      <line num="20" count="1" type="stmt"/>
      <line num="23" count="1" type="stmt"/>
      <line num="24" count="1" type="stmt"/>
      <line num="25" count="1" type="stmt"/>
      <line num="26" count="1" type="stmt"/>
      <line num="27" count="1" type="stmt"/>
      <line num="29" count="0" type="stmt"/>
    </file>
    <file name="UserController.ts" path="C:\Users\bajwa\OneDrive\Desktop\Back End\Milestone1\src\api\v1\controllers\UserController.ts">
      <metrics statements="16" coveredstatements="14" conditionals="0" coveredconditionals="0" methods="5" coveredmethods="4"/>
      <line num="5" count="1" type="stmt"/>
      <line num="6" count="1" type="stmt"/>
      <line num="8" count="1" type="stmt"/>
      <line num="9" count="1" type="stmt"/>
      <line num="10" count="1" type="stmt"/>
      <line num="12" count="0" type="stmt"/>
      <line num="16" count="1" type="stmt"/>
      <line num="18" count="1" type="stmt"/>
      <line num="21" count="1" type="stmt"/>
      <line num="23" count="1" type="stmt"/>
      <line num="26" count="1" type="stmt"/>
      <line num="27" count="1" type="stmt"/>
      <line num="28" count="1" type="stmt"/>
      <line num="29" count="1" type="stmt"/>
      <line num="30" count="1" type="stmt"/>
      <line num="32" count="0" type="stmt"/>
    </file>
  </project>
</coverage>
