{"C:\\Users\\bajwa\\Downloads\\Smilepreet_Milestone3\\Milestone1\\src\\api\\v1\\controllers\\AdminController.ts": {"path":"C:\\Users\\bajwa\\Downloads\\Smilepreet_Milestone3\\Milestone1\\src\\api\\v1\\controllers\\AdminController.ts","statementMap":{"0":{"start":{"line":3,"column":30},"end":{"line":5,"column":1}},"1":{"start":{"line":4,"column":2},"end":{"line":4,"column":58}},"2":{"start":{"line":3,"column":13},"end":{"line":3,"column":30}},"3":{"start":{"line":7,"column":27},"end":{"line":9,"column":1}},"4":{"start":{"line":8,"column":2},"end":{"line":8,"column":53}},"5":{"start":{"line":7,"column":13},"end":{"line":7,"column":27}},"6":{"start":{"line":11,"column":27},"end":{"line":13,"column":1}},"7":{"start":{"line":12,"column":2},"end":{"line":12,"column":61}},"8":{"start":{"line":11,"column":13},"end":{"line":11,"column":27}}},"fnMap":{"0":{"name":"(anonymous_0)","decl":{"start":{"line":3,"column":30},"end":{"line":3,"column":31}},"loc":{"start":{"line":3,"column":62},"end":{"line":5,"column":1}}},"1":{"name":"(anonymous_1)","decl":{"start":{"line":7,"column":27},"end":{"line":7,"column":28}},"loc":{"start":{"line":7,"column":59},"end":{"line":9,"column":1}}},"2":{"name":"(anonymous_2)","decl":{"start":{"line":11,"column":27},"end":{"line":11,"column":28}},"loc":{"start":{"line":11,"column":59},"end":{"line":13,"column":1}}}},"branchMap":{},"s":{"0":2,"1":4,"2":2,"3":2,"4":0,"5":2,"6":2,"7":0,"8":2},"f":{"0":4,"1":0,"2":0},"b":{}}
,"C:\\Users\\bajwa\\Downloads\\Smilepreet_Milestone3\\Milestone1\\src\\api\\v1\\controllers\\AnimeController.ts": {"path":"C:\\Users\\bajwa\\Downloads\\Smilepreet_Milestone3\\Milestone1\\src\\api\\v1\\controllers\\AnimeController.ts","statementMap":{"0":{"start":{"line":5,"column":25},"end":{"line":5,"column":27}},"1":{"start":{"line":6,"column":18},"end":{"line":6,"column":19}},"2":{"start":{"line":8,"column":27},"end":{"line":10,"column":1}},"3":{"start":{"line":9,"column":2},"end":{"line":9,"column":45}},"4":{"start":{"line":8,"column":13},"end":{"line":8,"column":27}},"5":{"start":{"line":12,"column":27},"end":{"line":14,"column":1}},"6":{"start":{"line":13,"column":4},"end":{"line":13,"column":68}},"7":{"start":{"line":12,"column":13},"end":{"line":12,"column":27}},"8":{"start":{"line":16,"column":27},"end":{"line":19,"column":3}},"9":{"start":{"line":18,"column":4},"end":{"line":18,"column":67}},"10":{"start":{"line":16,"column":13},"end":{"line":16,"column":27}},"11":{"start":{"line":22,"column":27},"end":{"line":26,"column":1}},"12":{"start":{"line":23,"column":13},"end":{"line":23,"column":34}},"13":{"start":{"line":24,"column":2},"end":{"line":24,"column":57}},"14":{"start":{"line":24,"column":40},"end":{"line":24,"column":55}},"15":{"start":{"line":25,"column":2},"end":{"line":25,"column":66}},"16":{"start":{"line":22,"column":13},"end":{"line":22,"column":27}}},"fnMap":{"0":{"name":"(anonymous_0)","decl":{"start":{"line":8,"column":27},"end":{"line":8,"column":28}},"loc":{"start":{"line":8,"column":59},"end":{"line":10,"column":1}}},"1":{"name":"(anonymous_1)","decl":{"start":{"line":12,"column":27},"end":{"line":12,"column":28}},"loc":{"start":{"line":12,"column":59},"end":{"line":14,"column":1}}},"2":{"name":"(anonymous_2)","decl":{"start":{"line":16,"column":27},"end":{"line":16,"column":28}},"loc":{"start":{"line":16,"column":59},"end":{"line":19,"column":3}}},"3":{"name":"(anonymous_3)","decl":{"start":{"line":22,"column":27},"end":{"line":22,"column":28}},"loc":{"start":{"line":22,"column":59},"end":{"line":26,"column":1}}},"4":{"name":"(anonymous_4)","decl":{"start":{"line":24,"column":31},"end":{"line":24,"column":36}},"loc":{"start":{"line":24,"column":40},"end":{"line":24,"column":55}}}},"branchMap":{},"s":{"0":1,"1":1,"2":1,"3":1,"4":1,"5":1,"6":1,"7":1,"8":1,"9":1,"10":1,"11":1,"12":1,"13":1,"14":0,"15":1,"16":1},"f":{"0":1,"1":1,"2":1,"3":1,"4":0},"b":{}}
,"C:\\Users\\bajwa\\Downloads\\Smilepreet_Milestone3\\Milestone1\\src\\api\\v1\\controllers\\ModeratorController.ts": {"path":"C:\\Users\\bajwa\\Downloads\\Smilepreet_Milestone3\\Milestone1\\src\\api\\v1\\controllers\\ModeratorController.ts","statementMap":{"0":{"start":{"line":3,"column":34},"end":{"line":5,"column":1}},"1":{"start":{"line":4,"column":4},"end":{"line":4,"column":76}},"2":{"start":{"line":3,"column":13},"end":{"line":3,"column":34}},"3":{"start":{"line":7,"column":29},"end":{"line":9,"column":1}},"4":{"start":{"line":8,"column":2},"end":{"line":8,"column":62}},"5":{"start":{"line":7,"column":13},"end":{"line":7,"column":29}},"6":{"start":{"line":11,"column":27},"end":{"line":13,"column":1}},"7":{"start":{"line":12,"column":2},"end":{"line":12,"column":56}},"8":{"start":{"line":11,"column":13},"end":{"line":11,"column":27}}},"fnMap":{"0":{"name":"(anonymous_0)","decl":{"start":{"line":3,"column":34},"end":{"line":3,"column":35}},"loc":{"start":{"line":3,"column":66},"end":{"line":5,"column":1}}},"1":{"name":"(anonymous_1)","decl":{"start":{"line":7,"column":29},"end":{"line":7,"column":30}},"loc":{"start":{"line":7,"column":61},"end":{"line":9,"column":1}}},"2":{"name":"(anonymous_2)","decl":{"start":{"line":11,"column":27},"end":{"line":11,"column":28}},"loc":{"start":{"line":11,"column":59},"end":{"line":13,"column":1}}}},"branchMap":{},"s":{"0":1,"1":1,"2":1,"3":1,"4":0,"5":1,"6":1,"7":0,"8":1},"f":{"0":1,"1":0,"2":0},"b":{}}
,"C:\\Users\\bajwa\\Downloads\\Smilepreet_Milestone3\\Milestone1\\src\\api\\v1\\controllers\\ReviewsController.ts": {"path":"C:\\Users\\bajwa\\Downloads\\Smilepreet_Milestone3\\Milestone1\\src\\api\\v1\\controllers\\ReviewsController.ts","statementMap":{"0":{"start":{"line":5,"column":24},"end":{"line":5,"column":26}},"1":{"start":{"line":6,"column":19},"end":{"line":6,"column":20}},"2":{"start":{"line":8,"column":29},"end":{"line":10,"column":1}},"3":{"start":{"line":9,"column":2},"end":{"line":9,"column":36}},"4":{"start":{"line":8,"column":13},"end":{"line":8,"column":29}},"5":{"start":{"line":12,"column":28},"end":{"line":15,"column":null}},"6":{"start":{"line":12,"column":86},"end":{"line":15,"column":null}},"7":{"start":{"line":14,"column":4},"end":{"line":14,"column":69}},"8":{"start":{"line":12,"column":13},"end":{"line":12,"column":28}},"9":{"start":{"line":18,"column":28},"end":{"line":21,"column":null}},"10":{"start":{"line":18,"column":86},"end":{"line":21,"column":null}},"11":{"start":{"line":20,"column":4},"end":{"line":20,"column":68}},"12":{"start":{"line":18,"column":13},"end":{"line":18,"column":28}},"13":{"start":{"line":23,"column":28},"end":{"line":31,"column":2}},"14":{"start":{"line":23,"column":86},"end":{"line":31,"column":2}},"15":{"start":{"line":24,"column":2},"end":{"line":30,"column":3}},"16":{"start":{"line":25,"column":15},"end":{"line":25,"column":36}},"17":{"start":{"line":26,"column":4},"end":{"line":26,"column":57}},"18":{"start":{"line":26,"column":39},"end":{"line":26,"column":55}},"19":{"start":{"line":27,"column":4},"end":{"line":27,"column":69}},"20":{"start":{"line":29,"column":4},"end":{"line":29,"column":16}},"21":{"start":{"line":23,"column":13},"end":{"line":23,"column":28}}},"fnMap":{"0":{"name":"(anonymous_7)","decl":{"start":{"line":8,"column":29},"end":{"line":8,"column":30}},"loc":{"start":{"line":8,"column":61},"end":{"line":10,"column":1}}},"1":{"name":"(anonymous_8)","decl":{"start":{"line":12,"column":28},"end":{"line":12,"column":35}},"loc":{"start":{"line":12,"column":86},"end":{"line":15,"column":null}}},"2":{"name":"(anonymous_9)","decl":{"start":{"line":12,"column":86},"end":{"line":12,"column":null}},"loc":{"start":{"line":12,"column":86},"end":{"line":15,"column":3}}},"3":{"name":"(anonymous_10)","decl":{"start":{"line":18,"column":28},"end":{"line":18,"column":35}},"loc":{"start":{"line":18,"column":86},"end":{"line":21,"column":null}}},"4":{"name":"(anonymous_11)","decl":{"start":{"line":18,"column":86},"end":{"line":18,"column":null}},"loc":{"start":{"line":18,"column":86},"end":{"line":21,"column":3}}},"5":{"name":"(anonymous_12)","decl":{"start":{"line":23,"column":28},"end":{"line":23,"column":35}},"loc":{"start":{"line":23,"column":86},"end":{"line":31,"column":2}}},"6":{"name":"(anonymous_13)","decl":{"start":{"line":23,"column":86},"end":{"line":23,"column":null}},"loc":{"start":{"line":23,"column":86},"end":{"line":31,"column":1}}},"7":{"name":"(anonymous_14)","decl":{"start":{"line":26,"column":29},"end":{"line":26,"column":35}},"loc":{"start":{"line":26,"column":39},"end":{"line":26,"column":55}}}},"branchMap":{},"s":{"0":1,"1":1,"2":1,"3":2,"4":1,"5":1,"6":4,"7":4,"8":1,"9":1,"10":2,"11":2,"12":1,"13":1,"14":2,"15":2,"16":2,"17":2,"18":0,"19":2,"20":0,"21":1},"f":{"0":2,"1":4,"2":4,"3":2,"4":2,"5":2,"6":2,"7":0},"b":{}}
,"C:\\Users\\bajwa\\Downloads\\Smilepreet_Milestone3\\Milestone1\\src\\api\\v1\\controllers\\UserController.ts": {"path":"C:\\Users\\bajwa\\Downloads\\Smilepreet_Milestone3\\Milestone1\\src\\api\\v1\\controllers\\UserController.ts","statementMap":{"0":{"start":{"line":5,"column":20},"end":{"line":5,"column":22}},"1":{"start":{"line":6,"column":13},"end":{"line":6,"column":14}},"2":{"start":{"line":8,"column":27},"end":{"line":14,"column":1}},"3":{"start":{"line":9,"column":2},"end":{"line":13,"column":3}},"4":{"start":{"line":10,"column":4},"end":{"line":10,"column":36}},"5":{"start":{"line":12,"column":4},"end":{"line":12,"column":16}},"6":{"start":{"line":8,"column":13},"end":{"line":8,"column":27}},"7":{"start":{"line":16,"column":26},"end":{"line":19,"column":3}},"8":{"start":{"line":18,"column":4},"end":{"line":18,"column":66}},"9":{"start":{"line":16,"column":13},"end":{"line":16,"column":26}},"10":{"start":{"line":21,"column":26},"end":{"line":24,"column":3}},"11":{"start":{"line":23,"column":4},"end":{"line":23,"column":67}},"12":{"start":{"line":21,"column":13},"end":{"line":21,"column":26}},"13":{"start":{"line":26,"column":26},"end":{"line":34,"column":1}},"14":{"start":{"line":27,"column":2},"end":{"line":33,"column":3}},"15":{"start":{"line":28,"column":15},"end":{"line":28,"column":36}},"16":{"start":{"line":29,"column":4},"end":{"line":29,"column":49}},"17":{"start":{"line":29,"column":33},"end":{"line":29,"column":47}},"18":{"start":{"line":30,"column":4},"end":{"line":30,"column":67}},"19":{"start":{"line":32,"column":4},"end":{"line":32,"column":16}},"20":{"start":{"line":26,"column":13},"end":{"line":26,"column":26}}},"fnMap":{"0":{"name":"(anonymous_0)","decl":{"start":{"line":8,"column":27},"end":{"line":8,"column":28}},"loc":{"start":{"line":8,"column":79},"end":{"line":14,"column":1}}},"1":{"name":"(anonymous_1)","decl":{"start":{"line":16,"column":26},"end":{"line":16,"column":27}},"loc":{"start":{"line":16,"column":78},"end":{"line":19,"column":3}}},"2":{"name":"(anonymous_2)","decl":{"start":{"line":21,"column":26},"end":{"line":21,"column":27}},"loc":{"start":{"line":21,"column":78},"end":{"line":24,"column":3}}},"3":{"name":"(anonymous_3)","decl":{"start":{"line":26,"column":26},"end":{"line":26,"column":27}},"loc":{"start":{"line":26,"column":78},"end":{"line":34,"column":1}}},"4":{"name":"(anonymous_4)","decl":{"start":{"line":29,"column":25},"end":{"line":29,"column":29}},"loc":{"start":{"line":29,"column":33},"end":{"line":29,"column":47}}}},"branchMap":{},"s":{"0":1,"1":1,"2":1,"3":1,"4":1,"5":0,"6":1,"7":1,"8":1,"9":1,"10":1,"11":1,"12":1,"13":1,"14":1,"15":1,"16":1,"17":0,"18":1,"19":0,"20":1},"f":{"0":1,"1":1,"2":1,"3":1,"4":0},"b":{}}
,"C:\\Users\\bajwa\\Downloads\\Smilepreet_Milestone3\\Milestone1\\src\\api\\v1\\controllers\\ViewerController.ts": {"path":"C:\\Users\\bajwa\\Downloads\\Smilepreet_Milestone3\\Milestone1\\src\\api\\v1\\controllers\\ViewerController.ts","statementMap":{"0":{"start":{"line":3,"column":34},"end":{"line":5,"column":1}},"1":{"start":{"line":4,"column":2},"end":{"line":4,"column":71}},"2":{"start":{"line":3,"column":13},"end":{"line":3,"column":34}}},"fnMap":{"0":{"name":"(anonymous_0)","decl":{"start":{"line":3,"column":34},"end":{"line":3,"column":35}},"loc":{"start":{"line":3,"column":66},"end":{"line":5,"column":1}}}},"branchMap":{},"s":{"0":1,"1":1,"2":1},"f":{"0":1},"b":{}}
,"C:\\Users\\bajwa\\Downloads\\Smilepreet_Milestone3\\Milestone1\\src\\api\\v1\\errors\\errors.ts": {"path":"C:\\Users\\bajwa\\Downloads\\Smilepreet_Milestone3\\Milestone1\\src\\api\\v1\\errors\\errors.ts","statementMap":{"0":{"start":{"line":9,"column":6},"end":{"line":9,"column":21}},"1":{"start":{"line":10,"column":6},"end":{"line":10,"column":35}},"2":{"start":{"line":11,"column":6},"end":{"line":11,"column":32}},"3":{"start":{"line":12,"column":6},"end":{"line":12,"column":54}},"4":{"start":{"line":4,"column":0},"end":{"line":4,"column":13}},"5":{"start":{"line":19,"column":6},"end":{"line":19,"column":26}},"6":{"start":{"line":17,"column":2},"end":{"line":17,"column":15}},"7":{"start":{"line":26,"column":6},"end":{"line":26,"column":26}},"8":{"start":{"line":24,"column":2},"end":{"line":24,"column":15}},"9":{"start":{"line":33,"column":6},"end":{"line":33,"column":26}},"10":{"start":{"line":31,"column":2},"end":{"line":31,"column":15}},"11":{"start":{"line":40,"column":6},"end":{"line":40,"column":26}},"12":{"start":{"line":38,"column":2},"end":{"line":38,"column":15}},"13":{"start":{"line":47,"column":6},"end":{"line":47,"column":26}},"14":{"start":{"line":45,"column":2},"end":{"line":45,"column":15}},"15":{"start":{"line":52,"column":30},"end":{"line":65,"column":3}},"16":{"start":{"line":58,"column":4},"end":{"line":58,"column":23}},"17":{"start":{"line":61,"column":4},"end":{"line":64,"column":7}},"18":{"start":{"line":52,"column":15},"end":{"line":52,"column":30}}},"fnMap":{"0":{"name":"(anonymous_0)","decl":{"start":{"line":8,"column":4},"end":{"line":8,"column":16}},"loc":{"start":{"line":8,"column":51},"end":{"line":13,"column":5}}},"1":{"name":"(anonymous_1)","decl":{"start":{"line":18,"column":4},"end":{"line":18,"column":16}},"loc":{"start":{"line":18,"column":54},"end":{"line":20,"column":5}}},"2":{"name":"(anonymous_2)","decl":{"start":{"line":25,"column":4},"end":{"line":25,"column":16}},"loc":{"start":{"line":25,"column":47},"end":{"line":27,"column":5}}},"3":{"name":"(anonymous_3)","decl":{"start":{"line":32,"column":4},"end":{"line":32,"column":16}},"loc":{"start":{"line":32,"column":48},"end":{"line":34,"column":5}}},"4":{"name":"(anonymous_4)","decl":{"start":{"line":39,"column":4},"end":{"line":39,"column":16}},"loc":{"start":{"line":39,"column":45},"end":{"line":41,"column":5}}},"5":{"name":"(anonymous_5)","decl":{"start":{"line":46,"column":4},"end":{"line":46,"column":16}},"loc":{"start":{"line":46,"column":57},"end":{"line":48,"column":5}}},"6":{"name":"(anonymous_6)","decl":{"start":{"line":52,"column":30},"end":{"line":52,"column":null}},"loc":{"start":{"line":57,"column":6},"end":{"line":65,"column":3}}}},"branchMap":{"0":{"loc":{"start":{"line":18,"column":16},"end":{"line":18,"column":54}},"type":"default-arg","locations":[{"start":{"line":18,"column":34},"end":{"line":18,"column":54}}]},"1":{"loc":{"start":{"line":25,"column":16},"end":{"line":25,"column":47}},"type":"default-arg","locations":[{"start":{"line":25,"column":34},"end":{"line":25,"column":47}}]},"2":{"loc":{"start":{"line":32,"column":16},"end":{"line":32,"column":48}},"type":"default-arg","locations":[{"start":{"line":32,"column":34},"end":{"line":32,"column":48}}]},"3":{"loc":{"start":{"line":39,"column":16},"end":{"line":39,"column":45}},"type":"default-arg","locations":[{"start":{"line":39,"column":34},"end":{"line":39,"column":45}}]},"4":{"loc":{"start":{"line":46,"column":16},"end":{"line":46,"column":57}},"type":"default-arg","locations":[{"start":{"line":46,"column":34},"end":{"line":46,"column":57}}]},"5":{"loc":{"start":{"line":61,"column":15},"end":{"line":61,"column":36}},"type":"binary-expr","locations":[{"start":{"line":61,"column":15},"end":{"line":61,"column":29}},{"start":{"line":61,"column":33},"end":{"line":61,"column":36}}]},"6":{"loc":{"start":{"line":63,"column":15},"end":{"line":63,"column":52}},"type":"binary-expr","locations":[{"start":{"line":63,"column":15},"end":{"line":63,"column":26}},{"start":{"line":63,"column":30},"end":{"line":63,"column":52}}]}},"s":{"0":8,"1":8,"2":8,"3":8,"4":1,"5":3,"6":1,"7":5,"8":1,"9":0,"10":1,"11":0,"12":1,"13":0,"14":1,"15":1,"16":0,"17":0,"18":1},"f":{"0":8,"1":3,"2":5,"3":0,"4":0,"5":0,"6":0},"b":{"0":[0],"1":[0],"2":[0],"3":[0],"4":[0],"5":[0,0],"6":[0,0]}}
,"C:\\Users\\bajwa\\Downloads\\Smilepreet_Milestone3\\Milestone1\\src\\api\\v1\\middleware\\authenticate.ts": {"path":"C:\\Users\\bajwa\\Downloads\\Smilepreet_Milestone3\\Milestone1\\src\\api\\v1\\middleware\\authenticate.ts","statementMap":{"0":{"start":{"line":2,"column":0},"end":{"line":2,"column":51}},"1":{"start":{"line":10,"column":28},"end":{"line":26,"column":2}},"2":{"start":{"line":10,"column":107},"end":{"line":26,"column":2}},"3":{"start":{"line":11,"column":18},"end":{"line":11,"column":64}},"4":{"start":{"line":13,"column":2},"end":{"line":16,"column":3}},"5":{"start":{"line":14,"column":4},"end":{"line":14,"column":73}},"6":{"start":{"line":15,"column":4},"end":{"line":15,"column":11}},"7":{"start":{"line":18,"column":2},"end":{"line":25,"column":3}},"8":{"start":{"line":20,"column":25},"end":{"line":20,"column":58}},"9":{"start":{"line":21,"column":4},"end":{"line":21,"column":28}},"10":{"start":{"line":22,"column":4},"end":{"line":22,"column":11}},"11":{"start":{"line":24,"column":4},"end":{"line":24,"column":76}},"12":{"start":{"line":10,"column":13},"end":{"line":10,"column":28}}},"fnMap":{"0":{"name":"(anonymous_7)","decl":{"start":{"line":10,"column":28},"end":{"line":10,"column":35}},"loc":{"start":{"line":10,"column":107},"end":{"line":26,"column":2}}},"1":{"name":"(anonymous_8)","decl":{"start":{"line":10,"column":107},"end":{"line":10,"column":null}},"loc":{"start":{"line":10,"column":107},"end":{"line":26,"column":1}}}},"branchMap":{"0":{"loc":{"start":{"line":11,"column":18},"end":{"line":11,"column":64}},"type":"cond-expr","locations":[{"start":{"line":11,"column":43},"end":{"line":11,"column":45}},{"start":{"line":11,"column":43},"end":{"line":11,"column":64}}]},"1":{"loc":{"start":{"line":11,"column":18},"end":{"line":11,"column":45}},"type":"binary-expr","locations":[{"start":{"line":11,"column":18},"end":{"line":11,"column":45}},{"start":{"line":11,"column":43},"end":{"line":11,"column":45}}]},"2":{"loc":{"start":{"line":13,"column":2},"end":{"line":16,"column":3}},"type":"if","locations":[{"start":{"line":13,"column":2},"end":{"line":16,"column":3}}]}},"s":{"0":1,"1":1,"2":6,"3":6,"4":6,"5":3,"6":3,"7":3,"8":3,"9":1,"10":1,"11":2,"12":1},"f":{"0":6,"1":6},"b":{"0":[1,5],"1":[6,6],"2":[3]}}
,"C:\\Users\\bajwa\\Downloads\\Smilepreet_Milestone3\\Milestone1\\src\\api\\v1\\routes\\adminRoutes.ts": {"path":"C:\\Users\\bajwa\\Downloads\\Smilepreet_Milestone3\\Milestone1\\src\\api\\v1\\routes\\adminRoutes.ts","statementMap":{"0":{"start":{"line":1,"column":0},"end":{"line":1,"column":33}},"1":{"start":{"line":2,"column":0},"end":{"line":2,"column":90}},"2":{"start":{"line":4,"column":15},"end":{"line":4,"column":23}},"3":{"start":{"line":6,"column":0},"end":{"line":6,"column":41}},"4":{"start":{"line":7,"column":0},"end":{"line":7,"column":34}},"5":{"start":{"line":8,"column":0},"end":{"line":8,"column":34}},"6":{"start":{"line":10,"column":0},"end":{"line":10,"column":22}}},"fnMap":{},"branchMap":{},"s":{"0":1,"1":1,"2":1,"3":1,"4":1,"5":1,"6":1},"f":{},"b":{}}
,"C:\\Users\\bajwa\\Downloads\\Smilepreet_Milestone3\\Milestone1\\src\\api\\v1\\routes\\moderatorRoutes.ts": {"path":"C:\\Users\\bajwa\\Downloads\\Smilepreet_Milestone3\\Milestone1\\src\\api\\v1\\routes\\moderatorRoutes.ts","statementMap":{"0":{"start":{"line":1,"column":0},"end":{"line":1,"column":33}},"1":{"start":{"line":2,"column":0},"end":{"line":2,"column":100}},"2":{"start":{"line":4,"column":15},"end":{"line":4,"column":23}},"3":{"start":{"line":6,"column":0},"end":{"line":6,"column":45}},"4":{"start":{"line":7,"column":0},"end":{"line":7,"column":37}},"5":{"start":{"line":8,"column":0},"end":{"line":8,"column":34}},"6":{"start":{"line":10,"column":0},"end":{"line":10,"column":22}}},"fnMap":{},"branchMap":{},"s":{"0":1,"1":1,"2":1,"3":1,"4":1,"5":1,"6":1},"f":{},"b":{}}
,"C:\\Users\\bajwa\\Downloads\\Smilepreet_Milestone3\\Milestone1\\src\\api\\v1\\routes\\viewerRoutes.ts": {"path":"C:\\Users\\bajwa\\Downloads\\Smilepreet_Milestone3\\Milestone1\\src\\api\\v1\\routes\\viewerRoutes.ts","statementMap":{"0":{"start":{"line":1,"column":0},"end":{"line":1,"column":30}},"1":{"start":{"line":2,"column":0},"end":{"line":2,"column":69}},"2":{"start":{"line":4,"column":15},"end":{"line":4,"column":31}},"3":{"start":{"line":6,"column":0},"end":{"line":6,"column":45}},"4":{"start":{"line":8,"column":0},"end":{"line":8,"column":22}}},"fnMap":{},"branchMap":{},"s":{"0":1,"1":1,"2":1,"3":1,"4":1},"f":{},"b":{}}
,"C:\\Users\\bajwa\\Downloads\\Smilepreet_Milestone3\\Milestone1\\src\\api\\v1\\schemas\\userSchema.ts": {"path":"C:\\Users\\bajwa\\Downloads\\Smilepreet_Milestone3\\Milestone1\\src\\api\\v1\\schemas\\userSchema.ts","statementMap":{"0":{"start":{"line":1,"column":0},"end":{"line":1,"column":22}},"1":{"start":{"line":4,"column":13},"end":{"line":23,"column":3}}},"fnMap":{},"branchMap":{},"s":{"0":1,"1":1},"f":{},"b":{}}
,"C:\\Users\\bajwa\\Downloads\\Smilepreet_Milestone3\\Milestone1\\src\\api\\v1\\services\\animeService.ts": {"path":"C:\\Users\\bajwa\\Downloads\\Smilepreet_Milestone3\\Milestone1\\src\\api\\v1\\services\\animeService.ts","statementMap":{"0":{"start":{"line":1,"column":0},"end":{"line":1,"column":49}},"1":{"start":{"line":3,"column":0},"end":{"line":3,"column":66}},"2":{"start":{"line":6,"column":27},"end":{"line":19,"column":2}},"3":{"start":{"line":6,"column":56},"end":{"line":19,"column":2}},"4":{"start":{"line":7,"column":2},"end":{"line":18,"column":3}},"5":{"start":{"line":8,"column":26},"end":{"line":8,"column":60}},"6":{"start":{"line":9,"column":31},"end":{"line":9,"column":33}},"7":{"start":{"line":10,"column":4},"end":{"line":12,"column":7}},"8":{"start":{"line":11,"column":6},"end":{"line":11,"column":42}},"9":{"start":{"line":13,"column":4},"end":{"line":13,"column":21}},"10":{"start":{"line":16,"column":4},"end":{"line":16,"column":52}},"11":{"start":{"line":17,"column":4},"end":{"line":17,"column":14}},"12":{"start":{"line":6,"column":13},"end":{"line":6,"column":27}},"13":{"start":{"line":22,"column":27},"end":{"line":35,"column":2}},"14":{"start":{"line":22,"column":82},"end":{"line":35,"column":2}},"15":{"start":{"line":23,"column":2},"end":{"line":34,"column":3}},"16":{"start":{"line":24,"column":4},"end":{"line":26,"column":5}},"17":{"start":{"line":25,"column":6},"end":{"line":25,"column":64}},"18":{"start":{"line":28,"column":24},"end":{"line":28,"column":74}},"19":{"start":{"line":29,"column":21},"end":{"line":29,"column":57}},"20":{"start":{"line":30,"column":4},"end":{"line":30,"column":20}},"21":{"start":{"line":33,"column":4},"end":{"line":33,"column":52}},"22":{"start":{"line":22,"column":13},"end":{"line":22,"column":27}},"23":{"start":{"line":38,"column":28},"end":{"line":51,"column":2}},"24":{"start":{"line":38,"column":70},"end":{"line":51,"column":2}},"25":{"start":{"line":39,"column":2},"end":{"line":50,"column":3}},"26":{"start":{"line":40,"column":21},"end":{"line":40,"column":68}},"27":{"start":{"line":42,"column":4},"end":{"line":44,"column":5}},"28":{"start":{"line":43,"column":6},"end":{"line":43,"column":49}},"29":{"start":{"line":46,"column":4},"end":{"line":46,"column":60}},"30":{"start":{"line":49,"column":4},"end":{"line":49,"column":60}},"31":{"start":{"line":38,"column":13},"end":{"line":38,"column":28}},"32":{"start":{"line":54,"column":27},"end":{"line":69,"column":2}},"33":{"start":{"line":54,"column":93},"end":{"line":69,"column":2}},"34":{"start":{"line":55,"column":2},"end":{"line":68,"column":3}},"35":{"start":{"line":56,"column":19},"end":{"line":56,"column":49}},"36":{"start":{"line":57,"column":4},"end":{"line":57,"column":30}},"37":{"start":{"line":58,"column":23},"end":{"line":58,"column":41}},"38":{"start":{"line":60,"column":4},"end":{"line":62,"column":5}},"39":{"start":{"line":61,"column":6},"end":{"line":61,"column":18}},"40":{"start":{"line":64,"column":4},"end":{"line":64,"column":64}},"41":{"start":{"line":67,"column":4},"end":{"line":67,"column":44}},"42":{"start":{"line":54,"column":13},"end":{"line":54,"column":27}},"43":{"start":{"line":72,"column":27},"end":{"line":80,"column":2}},"44":{"start":{"line":72,"column":66},"end":{"line":80,"column":2}},"45":{"start":{"line":73,"column":2},"end":{"line":79,"column":3}},"46":{"start":{"line":74,"column":4},"end":{"line":74,"column":50}},"47":{"start":{"line":75,"column":4},"end":{"line":75,"column":16}},"48":{"start":{"line":78,"column":4},"end":{"line":78,"column":44}},"49":{"start":{"line":72,"column":13},"end":{"line":72,"column":27}}},"fnMap":{"0":{"name":"(anonymous_7)","decl":{"start":{"line":6,"column":27},"end":{"line":6,"column":54}},"loc":{"start":{"line":6,"column":56},"end":{"line":19,"column":2}}},"1":{"name":"(anonymous_8)","decl":{"start":{"line":6,"column":56},"end":{"line":6,"column":null}},"loc":{"start":{"line":6,"column":56},"end":{"line":19,"column":1}}},"2":{"name":"(anonymous_9)","decl":{"start":{"line":10,"column":26},"end":{"line":10,"column":29}},"loc":{"start":{"line":10,"column":32},"end":{"line":12,"column":5}}},"3":{"name":"(anonymous_10)","decl":{"start":{"line":22,"column":27},"end":{"line":22,"column":34}},"loc":{"start":{"line":22,"column":82},"end":{"line":35,"column":2}}},"4":{"name":"(anonymous_11)","decl":{"start":{"line":22,"column":82},"end":{"line":22,"column":null}},"loc":{"start":{"line":22,"column":82},"end":{"line":35,"column":1}}},"5":{"name":"(anonymous_12)","decl":{"start":{"line":38,"column":28},"end":{"line":38,"column":35}},"loc":{"start":{"line":38,"column":70},"end":{"line":51,"column":2}}},"6":{"name":"(anonymous_13)","decl":{"start":{"line":38,"column":70},"end":{"line":38,"column":null}},"loc":{"start":{"line":38,"column":70},"end":{"line":51,"column":1}}},"7":{"name":"(anonymous_14)","decl":{"start":{"line":54,"column":27},"end":{"line":54,"column":34}},"loc":{"start":{"line":54,"column":93},"end":{"line":69,"column":2}}},"8":{"name":"(anonymous_15)","decl":{"start":{"line":54,"column":93},"end":{"line":54,"column":null}},"loc":{"start":{"line":54,"column":93},"end":{"line":69,"column":1}}},"9":{"name":"(anonymous_16)","decl":{"start":{"line":72,"column":27},"end":{"line":72,"column":34}},"loc":{"start":{"line":72,"column":66},"end":{"line":80,"column":2}}},"10":{"name":"(anonymous_17)","decl":{"start":{"line":72,"column":66},"end":{"line":72,"column":null}},"loc":{"start":{"line":72,"column":66},"end":{"line":80,"column":1}}}},"branchMap":{"0":{"loc":{"start":{"line":24,"column":4},"end":{"line":26,"column":5}},"type":"if","locations":[{"start":{"line":24,"column":4},"end":{"line":26,"column":5}}]},"1":{"loc":{"start":{"line":24,"column":8},"end":{"line":24,"column":24}},"type":"binary-expr","locations":[{"start":{"line":24,"column":8},"end":{"line":24,"column":14}},{"start":{"line":24,"column":18},"end":{"line":24,"column":24}}]},"2":{"loc":{"start":{"line":42,"column":4},"end":{"line":44,"column":5}},"type":"if","locations":[{"start":{"line":42,"column":4},"end":{"line":44,"column":5}}]},"3":{"loc":{"start":{"line":60,"column":4},"end":{"line":62,"column":5}},"type":"if","locations":[{"start":{"line":60,"column":4},"end":{"line":62,"column":5}}]}},"s":{"0":1,"1":1,"2":1,"3":0,"4":0,"5":0,"6":0,"7":0,"8":0,"9":0,"10":0,"11":0,"12":1,"13":1,"14":4,"15":4,"16":4,"17":2,"18":2,"19":1,"20":1,"21":3,"22":1,"23":1,"24":3,"25":3,"26":3,"27":2,"28":1,"29":1,"30":2,"31":1,"32":1,"33":3,"34":3,"35":3,"36":3,"37":2,"38":2,"39":1,"40":1,"41":1,"42":1,"43":1,"44":2,"45":2,"46":2,"47":1,"48":1,"49":1},"f":{"0":0,"1":0,"2":0,"3":4,"4":4,"5":3,"6":3,"7":3,"8":3,"9":2,"10":2},"b":{"0":[2],"1":[4,3],"2":[1],"3":[1]}}
}
