TN:
SF:src\api\v1\controllers\AdminController.ts
FN:3,(anonymous_0)
FN:7,(anonymous_1)
FN:11,(anonymous_2)
FNF:3
FNH:1
FNDA:4,(anonymous_0)
FNDA:0,(anonymous_1)
FNDA:0,(anonymous_2)
DA:3,2
DA:4,4
DA:7,2
DA:8,0
DA:11,2
DA:12,0
LF:6
LH:4
BRF:0
BRH:0
end_of_record
TN:
SF:src\api\v1\controllers\AnimeController.ts
FN:8,(anonymous_0)
FN:12,(anonymous_1)
FN:16,(anonymous_2)
FN:22,(anonymous_3)
FN:24,(anonymous_4)
FNF:5
FNH:4
FNDA:1,(anonymous_0)
FNDA:1,(anonymous_1)
FNDA:1,(anonymous_2)
FNDA:1,(anonymous_3)
FNDA:0,(anonymous_4)
DA:5,1
DA:6,1
DA:8,1
DA:9,1
DA:12,1
DA:13,1
DA:16,1
DA:18,1
DA:22,1
DA:23,1
DA:24,1
DA:25,1
LF:12
LH:12
BRF:0
BRH:0
end_of_record
TN:
SF:src\api\v1\controllers\ModeratorController.ts
FN:3,(anonymous_0)
FN:7,(anonymous_1)
FN:11,(anonymous_2)
FNF:3
FNH:1
FNDA:1,(anonymous_0)
FNDA:0,(anonymous_1)
FNDA:0,(anonymous_2)
DA:3,1
DA:4,1
DA:7,1
DA:8,0
DA:11,1
DA:12,0
LF:6
LH:4
BRF:0
BRH:0
end_of_record
TN:
SF:src\api\v1\controllers\ReviewsController.ts
FN:8,(anonymous_7)
FN:12,(anonymous_8)
FN:12,(anonymous_9)
FN:18,(anonymous_10)
FN:18,(anonymous_11)
FN:23,(anonymous_12)
FN:23,(anonymous_13)
FN:26,(anonymous_14)
FNF:8
FNH:7
FNDA:2,(anonymous_7)
FNDA:4,(anonymous_8)
FNDA:4,(anonymous_9)
FNDA:2,(anonymous_10)
FNDA:2,(anonymous_11)
FNDA:2,(anonymous_12)
FNDA:2,(anonymous_13)
FNDA:0,(anonymous_14)
DA:5,1
DA:6,1
DA:8,1
DA:9,2
DA:12,4
DA:14,4
DA:18,2
DA:20,2
DA:23,2
DA:24,2
DA:25,2
DA:26,2
DA:27,2
DA:29,0
LF:14
LH:13
BRF:0
BRH:0
end_of_record
TN:
SF:src\api\v1\controllers\UserController.ts
FN:8,(anonymous_0)
FN:16,(anonymous_1)
FN:21,(anonymous_2)
FN:26,(anonymous_3)
FN:29,(anonymous_4)
FNF:5
FNH:4
FNDA:1,(anonymous_0)
FNDA:1,(anonymous_1)
FNDA:1,(anonymous_2)
FNDA:1,(anonymous_3)
FNDA:0,(anonymous_4)
DA:5,1
DA:6,1
DA:8,1
DA:9,1
DA:10,1
DA:12,0
DA:16,1
DA:18,1
DA:21,1
DA:23,1
DA:26,1
DA:27,1
DA:28,1
DA:29,1
DA:30,1
DA:32,0
LF:16
LH:14
BRF:0
BRH:0
end_of_record
TN:
SF:src\api\v1\controllers\ViewerController.ts
FN:3,(anonymous_0)
FNF:1
FNH:1
FNDA:1,(anonymous_0)
DA:3,1
DA:4,1
LF:2
LH:2
BRF:0
BRH:0
end_of_record
TN:
SF:src\api\v1\errors\errors.ts
FN:8,(anonymous_0)
FN:18,(anonymous_1)
FN:25,(anonymous_2)
FN:32,(anonymous_3)
FN:39,(anonymous_4)
FN:46,(anonymous_5)
FN:52,(anonymous_6)
FNF:7
FNH:3
FNDA:8,(anonymous_0)
FNDA:3,(anonymous_1)
FNDA:5,(anonymous_2)
FNDA:0,(anonymous_3)
FNDA:0,(anonymous_4)
FNDA:0,(anonymous_5)
FNDA:0,(anonymous_6)
DA:4,1
DA:9,8
DA:10,8
DA:11,8
DA:12,8
DA:17,1
DA:19,3
DA:24,1
DA:26,5
DA:31,1
DA:33,0
DA:38,1
DA:40,0
DA:45,1
DA:47,0
DA:52,1
DA:58,0
DA:61,0
LF:18
LH:13
BRDA:18,0,0,0
BRDA:25,1,0,0
BRDA:32,2,0,0
BRDA:39,3,0,0
BRDA:46,4,0,0
BRDA:61,5,0,0
BRDA:61,5,1,0
BRDA:63,6,0,0
BRDA:63,6,1,0
BRF:9
BRH:0
end_of_record
TN:
SF:src\api\v1\middleware\authenticate.ts
FN:10,(anonymous_7)
FN:10,(anonymous_8)
FNF:2
FNH:2
FNDA:6,(anonymous_7)
FNDA:6,(anonymous_8)
DA:2,1
DA:10,6
DA:11,6
DA:13,6
DA:14,3
DA:15,3
DA:18,3
DA:20,3
DA:21,1
DA:22,1
DA:24,2
LF:11
LH:11
BRDA:11,0,0,1
BRDA:11,0,1,5
BRDA:11,1,0,6
BRDA:11,1,1,6
BRDA:13,2,0,3
BRF:5
BRH:5
end_of_record
TN:
SF:src\api\v1\routes\adminRoutes.ts
FNF:0
FNH:0
DA:1,1
DA:2,1
DA:4,1
DA:6,1
DA:7,1
DA:8,1
DA:10,1
LF:7
LH:7
BRF:0
BRH:0
end_of_record
TN:
SF:src\api\v1\routes\moderatorRoutes.ts
FNF:0
FNH:0
DA:1,1
DA:2,1
DA:4,1
DA:6,1
DA:7,1
DA:8,1
DA:10,1
LF:7
LH:7
BRF:0
BRH:0
end_of_record
TN:
SF:src\api\v1\routes\viewerRoutes.ts
FNF:0
FNH:0
DA:1,1
DA:2,1
DA:4,1
DA:6,1
DA:8,1
LF:5
LH:5
BRF:0
BRH:0
end_of_record
TN:
SF:src\api\v1\schemas\userSchema.ts
FNF:0
FNH:0
DA:1,1
DA:4,1
LF:2
LH:2
BRF:0
BRH:0
end_of_record
TN:
SF:src\api\v1\services\animeService.ts
FN:6,(anonymous_7)
FN:6,(anonymous_8)
FN:10,(anonymous_9)
FN:22,(anonymous_10)
FN:22,(anonymous_11)
FN:38,(anonymous_12)
FN:38,(anonymous_13)
FN:54,(anonymous_14)
FN:54,(anonymous_15)
FN:72,(anonymous_16)
FN:72,(anonymous_17)
FNF:11
FNH:8
FNDA:0,(anonymous_7)
FNDA:0,(anonymous_8)
FNDA:0,(anonymous_9)
FNDA:4,(anonymous_10)
FNDA:4,(anonymous_11)
FNDA:3,(anonymous_12)
FNDA:3,(anonymous_13)
FNDA:3,(anonymous_14)
FNDA:3,(anonymous_15)
FNDA:2,(anonymous_16)
FNDA:2,(anonymous_17)
DA:1,1
DA:3,1
DA:6,1
DA:7,0
DA:8,0
DA:9,0
DA:10,0
DA:11,0
DA:13,0
DA:16,0
DA:17,0
DA:22,4
DA:23,4
DA:24,4
DA:25,2
DA:28,2
DA:29,1
DA:30,1
DA:33,3
DA:38,3
DA:39,3
DA:40,3
DA:42,2
DA:43,1
DA:46,1
DA:49,2
DA:54,3
DA:55,3
DA:56,3
DA:57,3
DA:58,2
DA:60,2
DA:61,1
DA:64,1
DA:67,1
DA:72,2
DA:73,2
DA:74,2
DA:75,1
DA:78,1
LF:40
LH:32
BRDA:24,0,0,2
BRDA:24,1,0,4
BRDA:24,1,1,3
BRDA:42,2,0,1
BRDA:60,3,0,1
BRF:5
BRH:5
end_of_record
